<?xml version="1.0" encoding="UTF-8"?>
<!-- Generated by org.testng.reporters.JUnitReportReporter -->
<testsuite hostname="LAPTOP-S0VS0U3G" name="gitHubTest.GitHubTest" tests="1" failures="0" timestamp="2 Jun 2019 06:39:17 GMT" time="42.331" errors="0">
  <testcase name="loginTest" time="42.331" classname="gitHubTest.GitHubTest"/>
</testsuite> <!-- gitHubTest.GitHubTest -->
